count[0] = 1
count[1] = 1
count[2] = 1
count[3] = 1
count[4] = 1
count[5] = 1
count[6] = 1
count[7] = 1
count[8] = 1
count[9] = 1
count[10] = 1
count[11] = 1
count[12] = 1
count[13] = 1
count[14] = 1
count[15] = 1
count[16] = 5
count[17] = 5
count[18] = 2
count[19] = 3
count[20] = 2
count[21] = 3
count[22] = 2
count[23] = 3
count[24] = 0
count[25] = 0
count[26] = 0
count[27] = 0
count[28] = 0
count[29] = 0
count[30] = 0
count[31] = 0
count[32] = 0
count[33] = 0
count[34] = 0
count[35] = 0
count[36] = 0
count[37] = 0
count[38] = 0
count[39] = 0
count[40] = 0
count[41] = 0
count[42] = 0
count[43] = 0
count[44] = 0
count[45] = 0
count[46] = 0
count[47] = 0
count[48] = 0
count[49] = 0
count[50] = 0
count[51] = 0
count[52] = 0
count[53] = 0
count[54] = 0
count[55] = 0
count[56] = 0
count[57] = 0
count[58] = 0
count[59] = 0
count[60] = 0
count[61] = 0
count[62] = 0
count[63] = 0
count[64] = 0
count[65] = 0
count[66] = 0
count[67] = 0
count[68] = 0
count[69] = 0
count[70] = 0
count[71] = 0
count[72] = 0
count[73] = 0
count[74] = 0
count[75] = 0
count[76] = 0
count[77] = 0
count[78] = 0
count[79] = 0
count[80] = 0
count[81] = 0
count[82] = 0
count[83] = 0
count[84] = 0
count[85] = 0
count[86] = 0
count[87] = 0
count[88] = 0
count[89] = 0
count[90] = 0
count[91] = 0
count[92] = 0
count[93] = 0
count[94] = 0
count[95] = 0
count[96] = 0
count[97] = 0
count[98] = 0
count[99] = 0
count[100] = 0
count[101] = 0
count[102] = 0
count[103] = 0
count[104] = 0
count[105] = 0
count[106] = 0
count[107] = 0
count[108] = 0
count[109] = 0
count[110] = 0
count[111] = 0
count[112] = 0
count[113] = 0
count[114] = 0
count[115] = 0
count[116] = 0
count[117] = 0
count[118] = 0
count[119] = 0
count[120] = 0
count[121] = 0
count[122] = 0
count[123] = 0
count[124] = 0
count[125] = 0
count[126] = 0
count[127] = 0
count[128] = 0
count[129] = 0
count[130] = 0
count[131] = 0
count[132] = 0
count[133] = 0
count[134] = 0
count[135] = 0
count[136] = 0
count[137] = 0
count[138] = 0
count[139] = 0
count[140] = 0
count[141] = 0
count[142] = 0
count[143] = 0
count[144] = 0
count[145] = 0
count[146] = 0
count[147] = 0
count[148] = 0
count[149] = 0
count[150] = 0
count[151] = 0
count[152] = 0
count[153] = 0
count[154] = 0
count[155] = 0
count[156] = 0
count[157] = 0
count[158] = 0
count[159] = 0
count[160] = 0
count[161] = 0
count[162] = 0
count[163] = 0
